File not found: /usr/local/lib/code-server-4.89.1/lib/vscode/out/vsda_bg.wasm
File not found: /usr/local/lib/code-server-4.89.1/lib/vscode/out/vsda.js
[06:22:19] [csharp]: Couldn't find message for key configuration.dotnet.unitTests.runSettingsPath.markdownDescription.
[06:22:19] [csharp]: Couldn't find message for key configuration.dotnet.unitTests.runSettingsPath.markdownDescription.
[06:22:22] [csharp]: Couldn't find message for key configuration.dotnet.unitTests.runSettingsPath.markdownDescription.
[06:22:22] [csharp]: Couldn't find message for key configuration.dotnet.unitTests.runSettingsPath.markdownDescription.
[06:22:22] [csharp]: Couldn't find message for key configuration.dotnet.unitTests.runSettingsPath.markdownDescription.
[06:22:22] [csharp]: Couldn't find message for key configuration.dotnet.unitTests.runSettingsPath.markdownDescription.
[06:22:22] [csharp]: Couldn't find message for key configuration.dotnet.unitTests.runSettingsPath.markdownDescription.
[06:22:23] [csharp]: Couldn't find message for key configuration.dotnet.unitTests.runSettingsPath.markdownDescription.
[06:22:27] [csharp]: Couldn't find message for key configuration.dotnet.unitTests.runSettingsPath.markdownDescription.
File not found: /usr/local/lib/code-server-4.89.1/lib/vscode/out/vsda.js
File not found: /usr/local/lib/code-server-4.89.1/lib/vscode/out/vsda_bg.wasm
[17:15:59] [csharp]: Couldn't find message for key configuration.dotnet.unitTests.runSettingsPath.markdownDescription.
[17:16:02] [csharp]: Couldn't find message for key configuration.dotnet.unitTests.runSettingsPath.markdownDescription.
[node.js fs] readdir with filetypes failed with error:  [Error: EACCES: permission denied, scandir '/voc/startercode/.voc'] {
  errno: -13,
  code: 'EACCES',
  syscall: 'scandir',
  path: '/voc/startercode/.voc'
}
[17:16:05] [csharp]: Couldn't find message for key configuration.dotnet.unitTests.runSettingsPath.markdownDescription.
[17:16:06] [csharp]: Couldn't find message for key configuration.dotnet.unitTests.runSettingsPath.markdownDescription.
[17:16:06] [csharp]: Couldn't find message for key configuration.dotnet.unitTests.runSettingsPath.markdownDescription.
[17:16:06] [csharp]: Couldn't find message for key configuration.dotnet.unitTests.runSettingsPath.markdownDescription.
[node.js fs] readdir with filetypes failed with error:  [Error: EACCES: permission denied, scandir '/voc/startercode/.voc'] {
  errno: -13,
  code: 'EACCES',
  syscall: 'scandir',
  path: '/voc/startercode/.voc'
}
[17:16:11] [csharp]: Couldn't find message for key configuration.dotnet.unitTests.runSettingsPath.markdownDescription.
[17:16:11] [csharp]: Couldn't find message for key configuration.dotnet.unitTests.runSettingsPath.markdownDescription.
[17:16:11] [csharp]: Couldn't find message for key configuration.dotnet.unitTests.runSettingsPath.markdownDescription.
[node.js fs] readdir with filetypes failed with error:  [Error: EACCES: permission denied, scandir '/voc/startercode/.voc'] {
  errno: -13,
  code: 'EACCES',
  syscall: 'scandir',
  path: '/voc/startercode/.voc'
}
[node.js fs] readdir with filetypes failed with error:  [Error: EACCES: permission denied, scandir '/voc/startercode/.voc'] {
  errno: -13,
  code: 'EACCES',
  syscall: 'scandir',
  path: '/voc/startercode/.voc'
}
[node.js fs] readdir with filetypes failed with error:  [Error: EACCES: permission denied, scandir '/voc/startercode/.voc'] {
  errno: -13,
  code: 'EACCES',
  syscall: 'scandir',
  path: '/voc/startercode/.voc'
}
[node.js fs] readdir with filetypes failed with error:  [Error: EACCES: permission denied, scandir '/voc/startercode/.voc'] {
  errno: -13,
  code: 'EACCES',
  syscall: 'scandir',
  path: '/voc/startercode/.voc'
}
[node.js fs] readdir with filetypes failed with error:  [Error: EACCES: permission denied, scandir '/voc/startercode/.voc'] {
  errno: -13,
  code: 'EACCES',
  syscall: 'scandir',
  path: '/voc/startercode/.voc'
}
[node.js fs] readdir with filetypes failed with error:  [Error: EACCES: permission denied, scandir '/voc/startercode/.voc'] {
  errno: -13,
  code: 'EACCES',
  syscall: 'scandir',
  path: '/voc/startercode/.voc'
}
[node.js fs] readdir with filetypes failed with error:  [Error: EACCES: permission denied, scandir '/voc/startercode/.voc'] {
  errno: -13,
  code: 'EACCES',
  syscall: 'scandir',
  path: '/voc/startercode/.voc'
}
[node.js fs] readdir with filetypes failed with error:  [Error: EACCES: permission denied, scandir '/voc/startercode/.voc'] {
  errno: -13,
  code: 'EACCES',
  syscall: 'scandir',
  path: '/voc/startercode/.voc'
}
[node.js fs] readdir with filetypes failed with error:  [Error: EACCES: permission denied, scandir '/voc/startercode/.voc'] {
  errno: -13,
  code: 'EACCES',
  syscall: 'scandir',
  path: '/voc/startercode/.voc'
}
File not found: /usr/local/lib/code-server-4.89.1/lib/vscode/out/vsda_bg.wasm
File not found: /usr/local/lib/code-server-4.89.1/lib/vscode/out/vsda.js
[17:22:25] [csharp]: Couldn't find message for key configuration.dotnet.unitTests.runSettingsPath.markdownDescription.
[17:22:27] [csharp]: Couldn't find message for key configuration.dotnet.unitTests.runSettingsPath.markdownDescription.
[17:22:28] [csharp]: Couldn't find message for key configuration.dotnet.unitTests.runSettingsPath.markdownDescription.
[17:22:29] [csharp]: Couldn't find message for key configuration.dotnet.unitTests.runSettingsPath.markdownDescription.
[17:22:29] [csharp]: Couldn't find message for key configuration.dotnet.unitTests.runSettingsPath.markdownDescription.
[17:22:30] [csharp]: Couldn't find message for key configuration.dotnet.unitTests.runSettingsPath.markdownDescription.
[17:22:32] [csharp]: Couldn't find message for key configuration.dotnet.unitTests.runSettingsPath.markdownDescription.
[node.js fs] readdir with filetypes failed with error:  [Error: EACCES: permission denied, scandir '/voc/startercode/.voc'] {
  errno: -13,
  code: 'EACCES',
  syscall: 'scandir',
  path: '/voc/startercode/.voc'
}
[17:22:33] [csharp]: Couldn't find message for key configuration.dotnet.unitTests.runSettingsPath.markdownDescription.
[17:22:37] [csharp]: Couldn't find message for key configuration.dotnet.unitTests.runSettingsPath.markdownDescription.
[node.js fs] readdir with filetypes failed with error:  [Error: EACCES: permission denied, scandir '/voc/startercode/.voc'] {
  errno: -13,
  code: 'EACCES',
  syscall: 'scandir',
  path: '/voc/startercode/.voc'
}
[node.js fs] readdir with filetypes failed with error:  [Error: EACCES: permission denied, scandir '/voc/startercode/.voc'] {
  errno: -13,
  code: 'EACCES',
  syscall: 'scandir',
  path: '/voc/startercode/.voc'
}
[node.js fs] readdir with filetypes failed with error:  [Error: EACCES: permission denied, scandir '/voc/startercode/.voc'] {
  errno: -13,
  code: 'EACCES',
  syscall: 'scandir',
  path: '/voc/startercode/.voc'
}
[node.js fs] readdir with filetypes failed with error:  [Error: EACCES: permission denied, scandir '/voc/startercode/.voc'] {
  errno: -13,
  code: 'EACCES',
  syscall: 'scandir',
  path: '/voc/startercode/.voc'
}
[node.js fs] readdir with filetypes failed with error:  [Error: EACCES: permission denied, scandir '/voc/startercode/.voc'] {
  errno: -13,
  code: 'EACCES',
  syscall: 'scandir',
  path: '/voc/startercode/.voc'
}
[node.js fs] readdir with filetypes failed with error:  [Error: EACCES: permission denied, scandir '/voc/startercode/.voc'] {
  errno: -13,
  code: 'EACCES',
  syscall: 'scandir',
  path: '/voc/startercode/.voc'
}
[node.js fs] readdir with filetypes failed with error:  [Error: EACCES: permission denied, scandir '/voc/startercode/.voc'] {
  errno: -13,
  code: 'EACCES',
  syscall: 'scandir',
  path: '/voc/startercode/.voc'
}
[node.js fs] readdir with filetypes failed with error:  [Error: EACCES: permission denied, scandir '/voc/startercode/.voc'] {
  errno: -13,
  code: 'EACCES',
  syscall: 'scandir',
  path: '/voc/startercode/.voc'
}
[node.js fs] readdir with filetypes failed with error:  [Error: EACCES: permission denied, scandir '/voc/startercode/.voc'] {
  errno: -13,
  code: 'EACCES',
  syscall: 'scandir',
  path: '/voc/startercode/.voc'
}
[node.js fs] readdir with filetypes failed with error:  [Error: EACCES: permission denied, scandir '/voc/startercode/.voc'] {
  errno: -13,
  code: 'EACCES',
  syscall: 'scandir',
  path: '/voc/startercode/.voc'
}
[node.js fs] readdir with filetypes failed with error:  [Error: EACCES: permission denied, scandir '/voc/startercode/.voc'] {
  errno: -13,
  code: 'EACCES',
  syscall: 'scandir',
  path: '/voc/startercode/.voc'
}
[node.js fs] readdir with filetypes failed with error:  [Error: EACCES: permission denied, scandir '/voc/startercode/.voc'] {
  errno: -13,
  code: 'EACCES',
  syscall: 'scandir',
  path: '/voc/startercode/.voc'
}
[node.js fs] readdir with filetypes failed with error:  [Error: EACCES: permission denied, scandir '/voc/startercode/.voc'] {
  errno: -13,
  code: 'EACCES',
  syscall: 'scandir',
  path: '/voc/startercode/.voc'
}
[node.js fs] readdir with filetypes failed with error:  [Error: EACCES: permission denied, scandir '/voc/startercode/.voc'] {
  errno: -13,
  code: 'EACCES',
  syscall: 'scandir',
  path: '/voc/startercode/.voc'
}
[node.js fs] readdir with filetypes failed with error:  [Error: EACCES: permission denied, scandir '/voc/startercode/.voc'] {
  errno: -13,
  code: 'EACCES',
  syscall: 'scandir',
  path: '/voc/startercode/.voc'
}
[node.js fs] readdir with filetypes failed with error:  [Error: EACCES: permission denied, scandir '/voc/startercode/.voc'] {
  errno: -13,
  code: 'EACCES',
  syscall: 'scandir',
  path: '/voc/startercode/.voc'
}
[node.js fs] readdir with filetypes failed with error:  [Error: EACCES: permission denied, scandir '/voc/startercode/.voc'] {
  errno: -13,
  code: 'EACCES',
  syscall: 'scandir',
  path: '/voc/startercode/.voc'
}
[node.js fs] readdir with filetypes failed with error:  [Error: EACCES: permission denied, scandir '/voc/startercode/.voc'] {
  errno: -13,
  code: 'EACCES',
  syscall: 'scandir',
  path: '/voc/startercode/.voc'
}
File not found: /usr/local/lib/code-server-4.89.1/lib/vscode/out/vsda_bg.wasm
File not found: /usr/local/lib/code-server-4.89.1/lib/vscode/out/vsda.js
[17:54:15] [csharp]: Couldn't find message for key configuration.dotnet.unitTests.runSettingsPath.markdownDescription.
[17:54:18] [csharp]: Couldn't find message for key configuration.dotnet.unitTests.runSettingsPath.markdownDescription.
[17:54:19] [csharp]: Couldn't find message for key configuration.dotnet.unitTests.runSettingsPath.markdownDescription.
[17:54:19] [csharp]: Couldn't find message for key configuration.dotnet.unitTests.runSettingsPath.markdownDescription.
[17:54:19] [csharp]: Couldn't find message for key configuration.dotnet.unitTests.runSettingsPath.markdownDescription.
[17:54:21] [csharp]: Couldn't find message for key configuration.dotnet.unitTests.runSettingsPath.markdownDescription.
[17:54:21] [csharp]: Couldn't find message for key configuration.dotnet.unitTests.runSettingsPath.markdownDescription.
[17:54:23] [csharp]: Couldn't find message for key configuration.dotnet.unitTests.runSettingsPath.markdownDescription.
[17:54:26] [csharp]: Couldn't find message for key configuration.dotnet.unitTests.runSettingsPath.markdownDescription.
[18:01:52] [csharp]: Couldn't find message for key configuration.dotnet.unitTests.runSettingsPath.markdownDescription.
[18:01:52] [csharp]: Couldn't find message for key configuration.dotnet.unitTests.runSettingsPath.markdownDescription.
[18:01:52] [csharp]: Couldn't find message for key configuration.dotnet.unitTests.runSettingsPath.markdownDescription.
