2024-09-07 17:54:20.258 [info] Log level: Info
2024-09-07 17:54:20.258 [info] Validating found git in: "git"
2024-09-07 17:54:20.258 [info] Using git "2.25.1" from "git"
2024-09-07 17:54:20.258 [info] > git rev-parse --show-toplevel [4ms]
2024-09-07 17:54:20.258 [info] fatal: not a git repository (or any parent up to mount point /voc)
Stopping at filesystem boundary (GIT_DISCOVERY_ACROSS_FILESYSTEM not set).
2024-09-07 17:54:20.258 [info] > git rev-parse --show-toplevel [2ms]
2024-09-07 17:54:20.258 [info] fatal: not a git repository (or any of the parent directories): .git
2024-09-07 17:54:20.258 [info] > git rev-parse --show-toplevel [4ms]
2024-09-07 17:54:20.258 [info] fatal: not a git repository (or any parent up to mount point /voc)
Stopping at filesystem boundary (GIT_DISCOVERY_ACROSS_FILESYSTEM not set).
2024-09-07 17:54:20.258 [info] > git rev-parse --show-toplevel [3ms]
2024-09-07 17:54:20.258 [info] fatal: not a git repository (or any parent up to mount point /voc)
Stopping at filesystem boundary (GIT_DISCOVERY_ACROSS_FILESYSTEM not set).
2024-09-07 17:54:20.258 [info] > git rev-parse --show-toplevel [636ms]
2024-09-07 17:54:20.258 [info] fatal: not a git repository (or any parent up to mount point /voc)
Stopping at filesystem boundary (GIT_DISCOVERY_ACROSS_FILESYSTEM not set).
2024-09-07 17:54:20.258 [info] > git rev-parse --show-toplevel [5ms]
2024-09-07 17:54:20.258 [info] fatal: not a git repository (or any parent up to mount point /voc)
Stopping at filesystem boundary (GIT_DISCOVERY_ACROSS_FILESYSTEM not set).
2024-09-07 17:54:20.258 [info] > git rev-parse --show-toplevel [2ms]
2024-09-07 17:54:20.258 [info] fatal: not a git repository (or any of the parent directories): .git
2024-09-07 17:54:20.258 [info] > git rev-parse --show-toplevel [2ms]
2024-09-07 17:54:20.258 [info] fatal: not a git repository (or any parent up to mount point /voc)
Stopping at filesystem boundary (GIT_DISCOVERY_ACROSS_FILESYSTEM not set).
2024-09-07 17:54:20.263 [info] > git rev-parse --show-toplevel [10ms]
2024-09-07 17:54:20.263 [info] fatal: not a git repository (or any of the parent directories): .git
2024-09-07 17:54:20.282 [info] > git rev-parse --show-toplevel [11ms]
2024-09-07 17:54:20.282 [info] fatal: not a git repository (or any of the parent directories): .git
2024-09-07 17:54:20.297 [info] > git rev-parse --show-toplevel [6ms]
2024-09-07 17:54:20.297 [info] fatal: not a git repository (or any parent up to mount point /voc)
Stopping at filesystem boundary (GIT_DISCOVERY_ACROSS_FILESYSTEM not set).
2024-09-07 17:54:20.310 [info] > git rev-parse --show-toplevel [5ms]
2024-09-07 17:54:20.310 [info] fatal: not a git repository (or any of the parent directories): .git
2024-09-07 17:54:20.323 [info] > git rev-parse --show-toplevel [5ms]
2024-09-07 17:54:20.324 [info] fatal: not a git repository (or any parent up to mount point /voc)
Stopping at filesystem boundary (GIT_DISCOVERY_ACROSS_FILESYSTEM not set).
2024-09-07 17:54:20.337 [info] > git rev-parse --show-toplevel [5ms]
2024-09-07 17:54:20.337 [info] fatal: not a git repository (or any parent up to mount point /voc)
Stopping at filesystem boundary (GIT_DISCOVERY_ACROSS_FILESYSTEM not set).
2024-09-07 17:54:20.350 [info] > git rev-parse --show-toplevel [4ms]
2024-09-07 17:54:20.350 [info] fatal: not a git repository (or any parent up to mount point /voc)
Stopping at filesystem boundary (GIT_DISCOVERY_ACROSS_FILESYSTEM not set).
2024-09-07 17:54:20.363 [info] > git rev-parse --show-toplevel [5ms]
2024-09-07 17:54:20.363 [info] fatal: not a git repository (or any of the parent directories): .git
2024-09-07 17:54:26.380 [info] > git rev-parse --show-toplevel [2ms]
2024-09-07 17:54:26.380 [info] fatal: not a git repository (or any parent up to mount point /voc)
Stopping at filesystem boundary (GIT_DISCOVERY_ACROSS_FILESYSTEM not set).
2024-09-07 17:54:26.391 [info] > git rev-parse --show-toplevel [2ms]
2024-09-07 17:54:26.391 [info] fatal: not a git repository (or any of the parent directories): .git
2024-09-07 18:03:28.398 [info] > git init [605ms]
2024-09-07 18:03:28.419 [info] > git rev-parse --show-toplevel [9ms]
2024-09-07 18:03:28.435 [info] > git rev-parse --git-dir --git-common-dir [5ms]
2024-09-07 18:03:28.445 [info] Open repository: /voc/work
2024-09-07 18:03:28.466 [info] No remotes found in the git config file.
2024-09-07 18:03:28.472 [info] > git for-each-ref --format=%(refname)%00%(upstream:short)%00%(objectname)%00%(upstream:track)%00%(upstream:remotename)%00%(upstream:remoteref) refs/heads/master refs/remotes/master [15ms]
2024-09-07 18:03:28.472 [warning] No such branch: master.
2024-09-07 18:03:28.477 [info] > git config --get commit.template [11ms]
2024-09-07 18:03:28.779 [info] > git status -z -uall [290ms]
2024-09-07 18:03:28.807 [info] No remotes found in the git config file.
2024-09-07 18:03:28.808 [info] > git config --get commit.template [11ms]
2024-09-07 18:03:28.816 [info] > git for-each-ref --format=%(refname)%00%(upstream:short)%00%(objectname)%00%(upstream:track)%00%(upstream:remotename)%00%(upstream:remoteref) refs/heads/master refs/remotes/master [9ms]
2024-09-07 18:03:28.816 [warning] No such branch: master.
2024-09-07 18:03:28.874 [info] > git status -z -uall [50ms]
2024-09-07 18:03:29.232 [info] > git rev-parse --show-toplevel [3ms]
2024-09-07 18:03:29.232 [info] fatal: not a git repository (or any of the parent directories): .git
2024-09-07 18:03:30.436 [info] > git check-ignore -v -z --stdin [9ms]
2024-09-07 18:03:34.505 [info] No remotes found in the git config file.
2024-09-07 18:03:34.505 [info] > git config --get commit.template [11ms]
2024-09-07 18:03:34.513 [info] > git for-each-ref --format=%(refname)%00%(upstream:short)%00%(objectname)%00%(upstream:track)%00%(upstream:remotename)%00%(upstream:remoteref) refs/heads/master refs/remotes/master [9ms]
2024-09-07 18:03:34.513 [warning] No such branch: master.
2024-09-07 18:03:34.561 [info] > git status -z -uall [40ms]
2024-09-07 18:03:39.429 [info] > git add -A -- /voc/work/.bash_history /voc/work/.bashrc /voc/work/.config/code-server/config.yaml /voc/work/.dbclient/cache/meta.json /voc/work/.gitconfig /voc/work/.local/share/code-server/CachedProfilesData/__default__profile__/extensions.builtin.cache /voc/work/.local/share/code-server/CachedProfilesData/__default__profile__/extensions.user.cache /voc/work/.local/share/code-server/User/History/4d6167c0/2g9O /voc/work/.local/share/code-server/User/History/4d6167c0/entries.json /voc/work/.local/share/code-server/User/History/4d6167c0/tFhA /voc/work/.local/share/code-server/User/caches/CachedConfigurations/folder/-2ac6eb8f/configuration.json /voc/work/.local/share/code-server/User/caches/CachedConfigurations/folder/-3b559c1f/configuration.json /voc/work/.local/share/code-server/User/caches/CachedConfigurations/folder/-494dec9a/configuration.json /voc/work/.local/share/code-server/User/caches/CachedConfigurations/folder/-7cb7fa39/configuration.json /voc/work/.local/share/code-server/User/caches/CachedConfigurations/folder/-a8d4db5/configuration.json /voc/work/.local/share/code-server/User/caches/CachedConfigurations/folder/12311fcc/configuration.json /voc/work/.local/share/code-server/User/caches/CachedConfigurations/folder/2541c8bf/configuration.json /voc/work/.local/share/code-server/User/caches/CachedConfigurations/folder/5a740a53/configuration.json /voc/work/.local/share/code-server/User/caches/CachedConfigurations/workspaces/-1f511bad/workspace.json /voc/work/.local/share/code-server/User/caches/CachedConfigurations/workspaces/2fe7e6e8/workspace.json /voc/work/.local/share/code-server/User/caches/CachedConfigurations/workspaces/608972c6/workspace.json /voc/work/.local/share/code-server/User/caches/CachedConfigurations/workspaces/6d8153ce/workspace.json /voc/work/.local/share/code-server/User/customBuiltinExtensionsCache.json /voc/work/.local/share/code-server/User/globalStorage/storage.json /voc/work/.local/share/code-server/User/machineid /voc/work/.local/share/code-server/User/settings.json /voc/work/.local/share/code-server/User/systemExtensionsCache.json /voc/work/.local/share/code-server/User/workspaceStorage/-1f511bad/vscode.lock /voc/work/.local/share/code-server/User/workspaceStorage/2fe7e6e8/vscode.lock /voc/work/.local/share/code-server/User/workspaceStorage/6d8153ce/vscode.lock /voc/work/.local/share/code-server/coder-logs/code-server-stderr.log /voc/work/.local/share/code-server/coder-logs/code-server-stdout.log /voc/work/.local/share/code-server/coder.json /voc/work/.local/share/code-server/extensions/extensions.json /voc/work/.local/share/code-server/heartbeat /voc/work/.local/share/code-server/logs/20240907T062209/exthost1/ms-dotnettools.vscode-dotnet-runtime/DotNetAcquisition-ms-dotnettools.vscode-dotnet-runtime-1725690149355.txt /voc/work/.local/share/code-server/logs/20240907T062209/exthost1/output_logging_20240907T062227/1-LLDB.log /voc/work/.local/share/code-server/logs/20240907T062209/exthost1/output_logging_20240907T062227/2-Database Client.log /voc/work/.local/share/code-server/logs/20240907T062209/exthost1/output_logging_20240907T062227/3-.NET Install Tool.log /voc/work/.local/share/code-server/logs/20240907T062209/exthost1/remoteexthost.log /voc/work/.local/share/code-server/logs/20240907T062209/exthost1/vscode.git/Git.log /voc/work/.local/share/code-server/logs/20240907T062209/exthost1/vscode.github/GitHub.log /voc/work/.local/share/code-server/logs/20240907T062209/network.log /voc/work/.local/share/code-server/logs/20240907T062209/ptyhost.log /voc/work/.local/share/code-server/logs/20240907T062209/remoteagent.log /voc/work/.local/share/code-server/logs/20240907T171549/exthost1/output_logging_20240907T171604/1-LLDB.log /voc/work/.local/share/code-server/logs/20240907T171549/exthost1/output_logging_20240907T171604/2-Database Client.log /voc/work/.local/share/code-server/logs/20240907T171549/exthost1/output_logging_20240907T171604/3-.NET Install Tool.log /voc/work/.local/share/code-server/logs/20240907T171549/exthost1/remoteexthost.log /voc/work/.local/share/code-server/logs/20240907T171549/exthost1/vscode.git/Git.log /voc/work/.local/share/code-server/logs/20240907T171549/exthost1/vscode.github/GitHub.log /voc/work/.local/share/code-server/logs/20240907T171549/network.log /voc/work/.local/share/code-server/logs/20240907T171549/ptyhost.log /voc/work/.local/share/code-server/logs/20240907T171549/remoteagent.log /voc/work/.local/share/code-server/logs/20240907T172213/exthost1/output_logging_20240907T172231/1-LLDB.log /voc/work/.local/share/code-server/logs/20240907T172213/exthost1/output_logging_20240907T172231/2-Database Client.log /voc/work/.local/share/code-server/logs/20240907T172213/exthost1/output_logging_20240907T172231/3-.NET Install Tool.log /voc/work/.local/share/code-server/logs/20240907T172213/exthost1/remoteexthost.log /voc/work/.local/share/code-server/logs/20240907T172213/exthost1/vscode.git/Git.log /voc/work/.local/share/code-server/logs/20240907T172213/exthost1/vscode.github/GitHub.log /voc/work/.local/share/code-server/logs/20240907T172213/network.log /voc/work/.local/share/code-server/logs/20240907T172213/ptyhost.log /voc/work/.local/share/code-server/logs/20240907T172213/remoteagent.log /voc/work/.local/share/code-server/logs/20240907T175401/exthost1/output_logging_20240907T175418/1-LLDB.log /voc/work/.local/share/code-server/logs/20240907T175401/exthost1/output_logging_20240907T175418/2-Database Client.log /voc/work/.local/share/code-server/logs/20240907T175401/exthost1/output_logging_20240907T175418/3-.NET Install Tool.log /voc/work/.local/share/code-server/logs/20240907T175401/exthost1/remoteexthost.log /voc/work/.local/share/code-server/logs/20240907T175401/exthost1/vscode.git/Git.log /voc/work/.local/share/code-server/logs/20240907T175401/exthost1/vscode.github/GitHub.log /voc/work/.local/share/code-server/logs/20240907T175401/network.log /voc/work/.local/share/code-server/logs/20240907T175401/ptyhost.log /voc/work/.local/share/code-server/logs/20240907T175401/remoteagent.log /voc/work/.ssh/authorized_keys /voc/work/.ssh/labsuser.pem /voc/work/.voc/.voc /voc/work/.voc/.voc_api.json /voc/work/practice/saample.txt [1196ms]
2024-09-07 18:03:39.439 [info] No remotes found in the git config file.
2024-09-07 18:03:39.448 [info] > git config --get commit.template [9ms]
2024-09-07 18:03:39.454 [info] > git for-each-ref --format=%(refname)%00%(upstream:short)%00%(objectname)%00%(upstream:track)%00%(upstream:remotename)%00%(upstream:remoteref) refs/heads/master refs/remotes/master [7ms]
2024-09-07 18:03:39.455 [warning] No such branch: master.
2024-09-07 18:03:39.503 [info] > git status -z -uall [36ms]
2024-09-07 18:03:39.582 [info] No remotes found in the git config file.
2024-09-07 18:03:39.583 [info] > git config --get commit.template [9ms]
2024-09-07 18:03:39.589 [info] > git for-each-ref --format=%(refname)%00%(upstream:short)%00%(objectname)%00%(upstream:track)%00%(upstream:remotename)%00%(upstream:remoteref) refs/heads/master refs/remotes/master [7ms]
2024-09-07 18:03:39.589 [warning] No such branch: master.
2024-09-07 18:03:39.633 [info] > git status -z -uall [35ms]
2024-09-07 18:03:44.647 [info] No remotes found in the git config file.
2024-09-07 18:03:44.656 [info] > git config --get commit.template [9ms]
2024-09-07 18:03:44.662 [info] > git for-each-ref --format=%(refname)%00%(upstream:short)%00%(objectname)%00%(upstream:track)%00%(upstream:remotename)%00%(upstream:remoteref) refs/heads/master refs/remotes/master [7ms]
2024-09-07 18:03:44.662 [warning] No such branch: master.
2024-09-07 18:03:44.715 [info] > git status -z -uall [40ms]
2024-09-07 18:03:49.736 [info] No remotes found in the git config file.
2024-09-07 18:03:49.737 [info] > git config --get commit.template [10ms]
2024-09-07 18:03:49.746 [info] > git for-each-ref --format=%(refname)%00%(upstream:short)%00%(objectname)%00%(upstream:track)%00%(upstream:remotename)%00%(upstream:remoteref) refs/heads/master refs/remotes/master [10ms]
2024-09-07 18:03:49.746 [warning] No such branch: master.
2024-09-07 18:03:49.809 [info] > git status -z -uall [54ms]
2024-09-07 18:03:54.822 [info] No remotes found in the git config file.
2024-09-07 18:03:54.830 [info] > git config --get commit.template [9ms]
2024-09-07 18:03:54.837 [info] > git for-each-ref --format=%(refname)%00%(upstream:short)%00%(objectname)%00%(upstream:track)%00%(upstream:remotename)%00%(upstream:remoteref) refs/heads/master refs/remotes/master [8ms]
2024-09-07 18:03:54.837 [warning] No such branch: master.
2024-09-07 18:03:54.889 [info] > git status -z -uall [44ms]
2024-09-07 18:03:59.903 [info] No remotes found in the git config file.
2024-09-07 18:03:59.912 [info] > git config --get commit.template [9ms]
2024-09-07 18:03:59.919 [info] > git for-each-ref --format=%(refname)%00%(upstream:short)%00%(objectname)%00%(upstream:track)%00%(upstream:remotename)%00%(upstream:remoteref) refs/heads/master refs/remotes/master [8ms]
2024-09-07 18:03:59.919 [warning] No such branch: master.
2024-09-07 18:03:59.971 [info] > git status -z -uall [43ms]
2024-09-07 18:04:04.689 [info] > git check-ignore -v -z --stdin [11ms]
2024-09-07 18:04:05.470 [info] > git show --textconv :.git/COMMIT_EDITMSG [9ms]
2024-09-07 18:04:05.476 [info] > git ls-files --stage -- /voc/work/.git/COMMIT_EDITMSG [7ms]
2024-09-07 18:04:18.912 [info] > git -c user.useConfigOnly=true commit --quiet [16488ms]
2024-09-07 18:04:18.913 [info] Aborting commit due to empty commit message.
2024-09-07 18:04:18.930 [info] No remotes found in the git config file.
2024-09-07 18:04:18.931 [info] > git config --get commit.template [10ms]
2024-09-07 18:04:18.938 [info] > git for-each-ref --format=%(refname)%00%(upstream:short)%00%(objectname)%00%(upstream:track)%00%(upstream:remotename)%00%(upstream:remoteref) refs/heads/master refs/remotes/master [8ms]
2024-09-07 18:04:18.939 [warning] No such branch: master.
2024-09-07 18:04:18.990 [info] > git status -z -uall [43ms]
2024-09-07 18:04:19.011 [info] No remotes found in the git config file.
2024-09-07 18:04:19.012 [info] > git config --get commit.template [9ms]
2024-09-07 18:04:19.018 [info] > git for-each-ref --format=%(refname)%00%(upstream:short)%00%(objectname)%00%(upstream:track)%00%(upstream:remotename)%00%(upstream:remoteref) refs/heads/master refs/remotes/master [7ms]
2024-09-07 18:04:19.019 [warning] No such branch: master.
2024-09-07 18:04:19.063 [info] > git status -z -uall [36ms]
2024-09-07 18:04:24.074 [info] No remotes found in the git config file.
2024-09-07 18:04:24.082 [info] > git config --get commit.template [9ms]
2024-09-07 18:04:24.089 [info] > git for-each-ref --format=%(refname)%00%(upstream:short)%00%(objectname)%00%(upstream:track)%00%(upstream:remotename)%00%(upstream:remoteref) refs/heads/master refs/remotes/master [7ms]
2024-09-07 18:04:24.089 [warning] No such branch: master.
2024-09-07 18:04:24.139 [info] > git status -z -uall [42ms]
2024-09-07 18:04:29.151 [info] No remotes found in the git config file.
2024-09-07 18:04:29.159 [info] > git config --get commit.template [9ms]
2024-09-07 18:04:29.166 [info] > git for-each-ref --format=%(refname)%00%(upstream:short)%00%(objectname)%00%(upstream:track)%00%(upstream:remotename)%00%(upstream:remoteref) refs/heads/master refs/remotes/master [8ms]
2024-09-07 18:04:29.166 [warning] No such branch: master.
2024-09-07 18:04:29.228 [info] > git status -z -uall [50ms]
2024-09-07 18:04:34.249 [info] No remotes found in the git config file.
2024-09-07 18:04:34.250 [info] > git config --get commit.template [9ms]
2024-09-07 18:04:34.257 [info] > git for-each-ref --format=%(refname)%00%(upstream:short)%00%(objectname)%00%(upstream:track)%00%(upstream:remotename)%00%(upstream:remoteref) refs/heads/master refs/remotes/master [8ms]
2024-09-07 18:04:34.257 [warning] No such branch: master.
2024-09-07 18:04:34.324 [info] > git status -z -uall [58ms]
2024-09-07 18:04:39.337 [info] No remotes found in the git config file.
2024-09-07 18:04:39.346 [info] > git config --get commit.template [9ms]
2024-09-07 18:04:39.353 [info] > git for-each-ref --format=%(refname)%00%(upstream:short)%00%(objectname)%00%(upstream:track)%00%(upstream:remotename)%00%(upstream:remoteref) refs/heads/master refs/remotes/master [7ms]
2024-09-07 18:04:39.353 [warning] No such branch: master.
2024-09-07 18:04:39.401 [info] > git status -z -uall [37ms]
2024-09-07 18:04:44.415 [info] No remotes found in the git config file.
2024-09-07 18:04:44.423 [info] > git config --get commit.template [9ms]
2024-09-07 18:04:44.430 [info] > git for-each-ref --format=%(refname)%00%(upstream:short)%00%(objectname)%00%(upstream:track)%00%(upstream:remotename)%00%(upstream:remoteref) refs/heads/master refs/remotes/master [7ms]
2024-09-07 18:04:44.430 [warning] No such branch: master.
2024-09-07 18:04:44.478 [info] > git status -z -uall [40ms]
2024-09-07 18:04:49.489 [info] No remotes found in the git config file.
2024-09-07 18:04:49.496 [info] > git config --get commit.template [8ms]
2024-09-07 18:04:49.504 [info] > git for-each-ref --format=%(refname)%00%(upstream:short)%00%(objectname)%00%(upstream:track)%00%(upstream:remotename)%00%(upstream:remoteref) refs/heads/master refs/remotes/master [8ms]
2024-09-07 18:04:49.504 [warning] No such branch: master.
2024-09-07 18:04:49.558 [info] > git status -z -uall [42ms]
2024-09-07 18:04:54.571 [info] No remotes found in the git config file.
2024-09-07 18:04:54.579 [info] > git config --get commit.template [10ms]
2024-09-07 18:04:54.586 [info] > git for-each-ref --format=%(refname)%00%(upstream:short)%00%(objectname)%00%(upstream:track)%00%(upstream:remotename)%00%(upstream:remoteref) refs/heads/master refs/remotes/master [7ms]
2024-09-07 18:04:54.586 [warning] No such branch: master.
2024-09-07 18:04:54.628 [info] > git status -z -uall [35ms]
2024-09-07 18:04:59.641 [info] No remotes found in the git config file.
2024-09-07 18:04:59.649 [info] > git config --get commit.template [9ms]
2024-09-07 18:04:59.658 [info] > git for-each-ref --format=%(refname)%00%(upstream:short)%00%(objectname)%00%(upstream:track)%00%(upstream:remotename)%00%(upstream:remoteref) refs/heads/master refs/remotes/master [9ms]
2024-09-07 18:04:59.658 [warning] No such branch: master.
2024-09-07 18:04:59.715 [info] > git status -z -uall [44ms]
2024-09-07 18:05:04.737 [info] No remotes found in the git config file.
2024-09-07 18:05:04.737 [info] > git config --get commit.template [9ms]
2024-09-07 18:05:04.745 [info] > git for-each-ref --format=%(refname)%00%(upstream:short)%00%(objectname)%00%(upstream:track)%00%(upstream:remotename)%00%(upstream:remoteref) refs/heads/master refs/remotes/master [8ms]
2024-09-07 18:05:04.745 [warning] No such branch: master.
2024-09-07 18:05:04.791 [info] > git status -z -uall [38ms]
2024-09-07 18:05:09.810 [info] No remotes found in the git config file.
2024-09-07 18:05:09.810 [info] > git config --get commit.template [7ms]
2024-09-07 18:05:09.816 [info] > git for-each-ref --format=%(refname)%00%(upstream:short)%00%(objectname)%00%(upstream:track)%00%(upstream:remotename)%00%(upstream:remoteref) refs/heads/master refs/remotes/master [7ms]
2024-09-07 18:05:09.816 [warning] No such branch: master.
2024-09-07 18:05:09.870 [info] > git status -z -uall [47ms]
2024-09-07 18:05:14.882 [info] No remotes found in the git config file.
2024-09-07 18:05:14.890 [info] > git config --get commit.template [9ms]
2024-09-07 18:05:14.896 [info] > git for-each-ref --format=%(refname)%00%(upstream:short)%00%(objectname)%00%(upstream:track)%00%(upstream:remotename)%00%(upstream:remoteref) refs/heads/master refs/remotes/master [7ms]
2024-09-07 18:05:14.896 [warning] No such branch: master.
2024-09-07 18:05:14.950 [info] > git status -z -uall [43ms]
2024-09-07 18:05:19.972 [info] No remotes found in the git config file.
2024-09-07 18:05:19.972 [info] > git config --get commit.template [10ms]
2024-09-07 18:05:19.983 [info] > git for-each-ref --format=%(refname)%00%(upstream:short)%00%(objectname)%00%(upstream:track)%00%(upstream:remotename)%00%(upstream:remoteref) refs/heads/master refs/remotes/master [11ms]
2024-09-07 18:05:19.983 [warning] No such branch: master.
2024-09-07 18:05:20.054 [info] > git status -z -uall [63ms]
2024-09-07 18:05:25.075 [info] No remotes found in the git config file.
2024-09-07 18:05:25.075 [info] > git config --get commit.template [9ms]
2024-09-07 18:05:25.082 [info] > git for-each-ref --format=%(refname)%00%(upstream:short)%00%(objectname)%00%(upstream:track)%00%(upstream:remotename)%00%(upstream:remoteref) refs/heads/master refs/remotes/master [8ms]
2024-09-07 18:05:25.082 [warning] No such branch: master.
2024-09-07 18:05:25.130 [info] > git status -z -uall [40ms]
2024-09-07 18:05:30.142 [info] No remotes found in the git config file.
2024-09-07 18:05:30.150 [info] > git config --get commit.template [9ms]
2024-09-07 18:05:30.158 [info] > git for-each-ref --format=%(refname)%00%(upstream:short)%00%(objectname)%00%(upstream:track)%00%(upstream:remotename)%00%(upstream:remoteref) refs/heads/master refs/remotes/master [8ms]
2024-09-07 18:05:30.158 [warning] No such branch: master.
2024-09-07 18:05:30.208 [info] > git status -z -uall [42ms]
2024-09-07 18:05:35.229 [info] No remotes found in the git config file.
2024-09-07 18:05:35.229 [info] > git config --get commit.template [9ms]
2024-09-07 18:05:35.238 [info] > git for-each-ref --format=%(refname)%00%(upstream:short)%00%(objectname)%00%(upstream:track)%00%(upstream:remotename)%00%(upstream:remoteref) refs/heads/master refs/remotes/master [9ms]
2024-09-07 18:05:35.239 [warning] No such branch: master.
2024-09-07 18:05:35.284 [info] > git status -z -uall [37ms]
2024-09-07 18:05:40.305 [info] No remotes found in the git config file.
2024-09-07 18:05:40.305 [info] > git config --get commit.template [9ms]
2024-09-07 18:05:40.314 [info] > git for-each-ref --format=%(refname)%00%(upstream:short)%00%(objectname)%00%(upstream:track)%00%(upstream:remotename)%00%(upstream:remoteref) refs/heads/master refs/remotes/master [9ms]
2024-09-07 18:05:40.314 [warning] No such branch: master.
2024-09-07 18:05:40.363 [info] > git status -z -uall [40ms]
2024-09-07 18:05:45.384 [info] No remotes found in the git config file.
2024-09-07 18:05:45.385 [info] > git config --get commit.template [9ms]
2024-09-07 18:05:45.393 [info] > git for-each-ref --format=%(refname)%00%(upstream:short)%00%(objectname)%00%(upstream:track)%00%(upstream:remotename)%00%(upstream:remoteref) refs/heads/master refs/remotes/master [9ms]
2024-09-07 18:05:45.393 [warning] No such branch: master.
2024-09-07 18:05:45.439 [info] > git status -z -uall [34ms]
2024-09-07 18:05:50.461 [info] No remotes found in the git config file.
2024-09-07 18:05:50.461 [info] > git config --get commit.template [10ms]
2024-09-07 18:05:50.469 [info] > git for-each-ref --format=%(refname)%00%(upstream:short)%00%(objectname)%00%(upstream:track)%00%(upstream:remotename)%00%(upstream:remoteref) refs/heads/master refs/remotes/master [9ms]
2024-09-07 18:05:50.469 [warning] No such branch: master.
2024-09-07 18:05:50.522 [info] > git status -z -uall [40ms]
2024-09-07 18:05:55.534 [info] No remotes found in the git config file.
2024-09-07 18:05:55.542 [info] > git config --get commit.template [8ms]
2024-09-07 18:05:55.549 [info] > git for-each-ref --format=%(refname)%00%(upstream:short)%00%(objectname)%00%(upstream:track)%00%(upstream:remotename)%00%(upstream:remoteref) refs/heads/master refs/remotes/master [7ms]
2024-09-07 18:05:55.549 [warning] No such branch: master.
2024-09-07 18:05:55.597 [info] > git status -z -uall [36ms]
2024-09-07 18:06:00.617 [info] No remotes found in the git config file.
2024-09-07 18:06:00.617 [info] > git config --get commit.template [8ms]
2024-09-07 18:06:00.624 [info] > git for-each-ref --format=%(refname)%00%(upstream:short)%00%(objectname)%00%(upstream:track)%00%(upstream:remotename)%00%(upstream:remoteref) refs/heads/master refs/remotes/master [8ms]
2024-09-07 18:06:00.624 [warning] No such branch: master.
2024-09-07 18:06:00.671 [info] > git status -z -uall [38ms]
2024-09-07 18:06:02.630 [info] > git -c user.useConfigOnly=true commit --quiet --allow-empty-message --file - [144ms]
2024-09-07 18:06:02.644 [info] > git config --get commit.template [4ms]
2024-09-07 18:06:02.661 [info] No remotes found in the git config file.
2024-09-07 18:06:02.662 [info] > git config --get commit.template [9ms]
2024-09-07 18:06:02.676 [info] > git for-each-ref --format=%(refname)%00%(upstream:short)%00%(objectname)%00%(upstream:track)%00%(upstream:remotename)%00%(upstream:remoteref) refs/heads/master refs/remotes/master [15ms]
2024-09-07 18:06:02.727 [info] > git status -z -uall [43ms]
2024-09-07 18:06:03.145 [info] > git for-each-ref --format=%(refname)%00%(upstream:short)%00%(objectname)%00%(upstream:track)%00%(upstream:remotename)%00%(upstream:remoteref) refs/heads/master [14ms]
2024-09-07 18:06:03.155 [info] > git config --get commit.template [11ms]
2024-09-07 18:06:03.155 [info] No remotes found in the git config file.
2024-09-07 18:06:03.169 [info] > git for-each-ref --format=%(refname)%00%(upstream:short)%00%(objectname)%00%(upstream:track)%00%(upstream:remotename)%00%(upstream:remoteref) refs/heads/master [15ms]
2024-09-07 18:06:03.186 [info] > git config --local branch.master.vscode-merge-base [8ms]
2024-09-07 18:06:03.186 [warning] git config failed: Failed to execute git
2024-09-07 18:06:03.196 [info] > git for-each-ref --format=%(refname)%00%(upstream:short)%00%(objectname)%00%(upstream:track)%00%(upstream:remotename)%00%(upstream:remoteref) refs/heads/master refs/remotes/master [33ms]
2024-09-07 18:06:03.218 [info] > git reflog refs/heads/master --grep-reflog=branch: Created from *. [22ms]
2024-09-07 18:06:03.233 [info] > git symbolic-ref --short refs/remotes/origin/HEAD [7ms]
2024-09-07 18:06:03.233 [info] fatal: ref refs/remotes/origin/HEAD is not a symbolic ref
2024-09-07 18:06:03.233 [info] GitHistoryProvider:resolveHistoryItemGroupBase - Failed to resolve history item group base for 'refs/heads/master'
2024-09-07 18:06:03.233 [info] GitHistoryProvider:resolveHistoryItemGroupCommonAncestor - Failed to resolve history item group base for 'refs/heads/master'
2024-09-07 18:06:03.252 [info] > git status -z -uall [48ms]
2024-09-07 18:06:03.456 [info] > git for-each-ref --format=%(refname)%00%(upstream:short)%00%(objectname)%00%(upstream:track)%00%(upstream:remotename)%00%(upstream:remoteref) refs/heads/master [13ms]
2024-09-07 18:06:03.478 [info] > git for-each-ref --format=%(refname)%00%(upstream:short)%00%(objectname)%00%(upstream:track)%00%(upstream:remotename)%00%(upstream:remoteref) refs/heads/master [13ms]
2024-09-07 18:06:03.491 [info] > git config --local branch.master.vscode-merge-base [4ms]
2024-09-07 18:06:03.491 [warning] git config failed: Failed to execute git
2024-09-07 18:06:03.510 [info] > git reflog refs/heads/master --grep-reflog=branch: Created from *. [11ms]
2024-09-07 18:06:03.524 [info] > git symbolic-ref --short refs/remotes/origin/HEAD [6ms]
2024-09-07 18:06:03.524 [info] fatal: ref refs/remotes/origin/HEAD is not a symbolic ref
2024-09-07 18:06:03.524 [info] GitHistoryProvider:resolveHistoryItemGroupBase - Failed to resolve history item group base for 'refs/heads/master'
2024-09-07 18:06:03.524 [info] GitHistoryProvider:resolveHistoryItemGroupCommonAncestor - Failed to resolve history item group base for 'refs/heads/master'
2024-09-07 18:06:03.650 [info] > git for-each-ref --format=%(refname)%00%(upstream:short)%00%(objectname)%00%(upstream:track)%00%(upstream:remotename)%00%(upstream:remoteref) refs/heads/master [12ms]
2024-09-07 18:06:03.681 [info] > git for-each-ref --format=%(refname)%00%(upstream:short)%00%(objectname)%00%(upstream:track)%00%(upstream:remotename)%00%(upstream:remoteref) refs/heads/master [22ms]
2024-09-07 18:06:03.699 [info] > git config --local branch.master.vscode-merge-base [10ms]
2024-09-07 18:06:03.699 [warning] git config failed: Failed to execute git
2024-09-07 18:06:03.719 [info] > git reflog refs/heads/master --grep-reflog=branch: Created from *. [10ms]
2024-09-07 18:06:03.734 [info] > git symbolic-ref --short refs/remotes/origin/HEAD [6ms]
2024-09-07 18:06:03.734 [info] fatal: ref refs/remotes/origin/HEAD is not a symbolic ref
2024-09-07 18:06:03.734 [info] GitHistoryProvider:resolveHistoryItemGroupBase - Failed to resolve history item group base for 'refs/heads/master'
2024-09-07 18:06:03.734 [info] GitHistoryProvider:resolveHistoryItemGroupCommonAncestor - Failed to resolve history item group base for 'refs/heads/master'
2024-09-07 18:06:03.961 [info] > git check-ignore -v -z --stdin [9ms]
2024-09-07 18:06:05.692 [info] No remotes found in the git config file.
2024-09-07 18:06:05.692 [info] > git config --get commit.template [9ms]
2024-09-07 18:06:05.705 [info] > git for-each-ref --format=%(refname)%00%(upstream:short)%00%(objectname)%00%(upstream:track)%00%(upstream:remotename)%00%(upstream:remoteref) refs/heads/master refs/remotes/master [14ms]
2024-09-07 18:06:05.756 [info] > git status -z -uall [43ms]
2024-09-07 18:06:10.767 [info] No remotes found in the git config file.
2024-09-07 18:06:10.776 [info] > git config --get commit.template [9ms]
2024-09-07 18:06:10.792 [info] > git for-each-ref --format=%(refname)%00%(upstream:short)%00%(objectname)%00%(upstream:track)%00%(upstream:remotename)%00%(upstream:remoteref) refs/heads/master refs/remotes/master [17ms]
2024-09-07 18:06:10.877 [info] > git status -z -uall [77ms]
2024-09-07 18:06:15.887 [info] No remotes found in the git config file.
2024-09-07 18:06:15.895 [info] > git config --get commit.template [9ms]
2024-09-07 18:06:15.907 [info] > git for-each-ref --format=%(refname)%00%(upstream:short)%00%(objectname)%00%(upstream:track)%00%(upstream:remotename)%00%(upstream:remoteref) refs/heads/master refs/remotes/master [12ms]
2024-09-07 18:06:15.961 [info] > git status -z -uall [46ms]
