2024-09-07 06:22:28.565 [info] Log level: Info
2024-09-07 06:22:28.565 [info] Validating found git in: "git"
2024-09-07 06:22:28.565 [info] Using git "2.25.1" from "git"
2024-09-07 06:22:28.565 [info] > git rev-parse --show-toplevel [23ms]
2024-09-07 06:22:28.566 [info] fatal: not a git repository (or any parent up to mount point /voc)
Stopping at filesystem boundary (GIT_DISCOVERY_ACROSS_FILESYSTEM not set).
2024-09-07 06:22:28.566 [info] > git rev-parse --show-toplevel [2ms]
2024-09-07 06:22:28.566 [info] fatal: not a git repository (or any of the parent directories): .git
2024-09-07 06:22:28.566 [info] > git rev-parse --show-toplevel [2ms]
2024-09-07 06:22:28.566 [info] fatal: not a git repository (or any of the parent directories): .git
2024-09-07 06:22:28.566 [info] > git rev-parse --show-toplevel [4ms]
2024-09-07 06:22:28.566 [info] fatal: not a git repository (or any parent up to mount point /voc)
Stopping at filesystem boundary (GIT_DISCOVERY_ACROSS_FILESYSTEM not set).
2024-09-07 06:22:28.566 [info] > git rev-parse --show-toplevel [1ms]
2024-09-07 06:22:28.566 [info] fatal: not a git repository (or any of the parent directories): .git
2024-09-07 06:22:28.566 [info] > git rev-parse --show-toplevel [1ms]
2024-09-07 06:22:28.570 [info] fatal: not a git repository (or any of the parent directories): .git
2024-09-07 06:22:28.570 [info] > git rev-parse --show-toplevel [3ms]
2024-09-07 06:22:28.570 [info] fatal: not a git repository (or any parent up to mount point /voc)
Stopping at filesystem boundary (GIT_DISCOVERY_ACROSS_FILESYSTEM not set).
2024-09-07 06:22:28.570 [info] > git rev-parse --show-toplevel [1ms]
2024-09-07 06:22:28.570 [info] fatal: not a git repository (or any of the parent directories): .git
2024-09-07 06:22:28.570 [info] > git rev-parse --show-toplevel [3ms]
2024-09-07 06:22:28.570 [info] fatal: not a git repository (or any parent up to mount point /voc)
Stopping at filesystem boundary (GIT_DISCOVERY_ACROSS_FILESYSTEM not set).
2024-09-07 06:22:28.570 [info] > git rev-parse --show-toplevel [2ms]
2024-09-07 06:22:28.570 [info] fatal: not a git repository (or any parent up to mount point /voc)
Stopping at filesystem boundary (GIT_DISCOVERY_ACROSS_FILESYSTEM not set).
2024-09-07 06:22:28.570 [info] > git rev-parse --show-toplevel [4ms]
2024-09-07 06:22:28.570 [info] fatal: not a git repository (or any parent up to mount point /voc)
Stopping at filesystem boundary (GIT_DISCOVERY_ACROSS_FILESYSTEM not set).
2024-09-07 06:22:28.570 [info] > git rev-parse --show-toplevel [6ms]
2024-09-07 06:22:28.570 [info] fatal: not a git repository (or any parent up to mount point /voc)
Stopping at filesystem boundary (GIT_DISCOVERY_ACROSS_FILESYSTEM not set).
2024-09-07 06:22:28.570 [info] > git rev-parse --show-toplevel [7ms]
2024-09-07 06:22:28.570 [info] fatal: not a git repository (or any parent up to mount point /voc)
Stopping at filesystem boundary (GIT_DISCOVERY_ACROSS_FILESYSTEM not set).
2024-09-07 06:22:28.579 [info] > git rev-parse --show-toplevel [6ms]
2024-09-07 06:22:28.579 [info] fatal: not a git repository (or any parent up to mount point /voc)
Stopping at filesystem boundary (GIT_DISCOVERY_ACROSS_FILESYSTEM not set).
2024-09-07 06:25:11.723 [info] > git rev-parse --show-toplevel [3ms]
2024-09-07 06:25:11.725 [info] fatal: not a git repository (or any parent up to mount point /voc)
Stopping at filesystem boundary (GIT_DISCOVERY_ACROSS_FILESYSTEM not set).
2024-09-07 06:25:11.736 [info] > git rev-parse --show-toplevel [6ms]
2024-09-07 06:25:11.736 [info] fatal: not a git repository (or any of the parent directories): .git
